<?xml version="1.0" encoding="UTF-8"?>
<testng-results skipped="0" failed="0" ignored="0" total="1" passed="1">
  <reporter-output>
  </reporter-output>
  <suite name="Default suite" duration-ms="70248" started-at="2018-02-19T09:28:46Z" finished-at="2018-02-19T09:29:56Z">
    <groups>
    </groups>
    <test name="Default test" duration-ms="70248" started-at="2018-02-19T09:28:46Z" finished-at="2018-02-19T09:29:56Z">
      <class name="testSteps">
        <test-method status="PASS" signature="beforeMethod()[pri:0, instance:testSteps@6e6f2380]" name="beforeMethod" is-config="true" duration-ms="41104" started-at="2018-02-19T14:58:46Z" finished-at="2018-02-19T14:59:27Z">
          <reporter-output>
          </reporter-output>
        </test-method> <!-- beforeMethod -->
        <test-method status="PASS" signature="main()[pri:0, instance:testSteps@6e6f2380]" name="main" duration-ms="28377" started-at="2018-02-19T14:59:27Z" finished-at="2018-02-19T14:59:56Z">
          <reporter-output>
          </reporter-output>
        </test-method> <!-- main -->
        <test-method status="PASS" signature="afterMethod()[pri:0, instance:testSteps@6e6f2380]" name="afterMethod" is-config="true" duration-ms="732" started-at="2018-02-19T14:59:56Z" finished-at="2018-02-19T14:59:56Z">
          <reporter-output>
          </reporter-output>
        </test-method> <!-- afterMethod -->
      </class> <!-- testSteps -->
    </test> <!-- Default test -->
  </suite> <!-- Default suite -->
</testng-results>
